#
# There is insufficient memory for the Java Runtime Environment to continue.
# Native memory allocation (mmap) failed to map 174063616 bytes for committing reserved memory.
# Possible reasons:
#   The system is out of physical RAM or swap space
#   In 32 bit mode, the process size limit was hit
# Possible solutions:
#   Reduce memory load on the system
#   Increase physical memory or swap space
#   Check if swap backing store is full
#   Use 64 bit Java on a 64 bit OS
#   Decrease Java heap size (-Xmx/-Xms)
#   Decrease number of Java threads
#   Decrease Java thread stack sizes (-Xss)
#   Set larger code cache with -XX:ReservedCodeCacheSize=
# This output file may be truncated or incomplete.
#
#  Out of Memory Error (os_linux.cpp:2630), pid=11903, tid=140107017500416
#
# JRE version: OpenJDK Runtime Environment (8.0_91-b14) (build 1.8.0_91-8u91-b14-3ubuntu1~16.04.1-b14)
# Java VM: OpenJDK 64-Bit Server VM (25.91-b14 mixed mode linux-amd64 compressed oops)
# Failed to write core dump. Core dumps have been disabled. To enable core dumping, try "ulimit -c unlimited" before starting Java again
#

---------------  T H R E A D  ---------------

Current thread (0x00007f6d4c077800):  VMThread [stack: 0x00007f6d34f23000,0x00007f6d35024000] [id=11926]

Stack: [0x00007f6d34f23000,0x00007f6d35024000],  sp=0x00007f6d350224c0,  free space=1021k
Native frames: (J=compiled Java code, j=interpreted, Vv=VM code, C=native code)
V  [libjvm.so+0xa5de1b]
V  [libjvm.so+0x4c178c]
V  [libjvm.so+0x8ae9d0]
V  [libjvm.so+0x8a8e4e]
V  [libjvm.so+0x922f46]
V  [libjvm.so+0x924273]
V  [libjvm.so+0x920923]
V  [libjvm.so+0x920bec]
V  [libjvm.so+0x8d3263]
V  [libjvm.so+0xa5fad2]
V  [libjvm.so+0xa64b57]
V  [libjvm.so+0xa62327]
V  [libjvm.so+0xa637af]
V  [libjvm.so+0xa63ca1]
V  [libjvm.so+0x8abeb2]

VM_Operation (0x00007f6d341ee720): ParallelGCFailedAllocation, mode: safepoint, requested by thread 0x00007f6d4c176800


---------------  P R O C E S S  ---------------

Java Threads: ( => current thread )
  0x00007f6d4c179800 JavaThread "pool-1-thread-4" [_thread_blocked, id=11980, stack(0x00007f6d2fdfe000,0x00007f6d2feff000)]
  0x00007f6d4c178000 JavaThread "pool-1-thread-3" [_thread_blocked, id=11973, stack(0x00007f6d2feff000,0x00007f6d30000000)]
  0x00007f6d4c176800 JavaThread "pool-1-thread-2" [_thread_blocked, id=11968, stack(0x00007f6d340f0000,0x00007f6d341f1000)]
  0x00007f6d4c175000 JavaThread "pool-2-thread-1" [_thread_blocked, id=11964, stack(0x00007f6d341f1000,0x00007f6d342f2000)]
  0x00007f6d4c172800 JavaThread "pool-1-thread-1" [_thread_blocked, id=11959, stack(0x00007f6d342f2000,0x00007f6d343f3000)]
  0x00007f6d4c0ba800 JavaThread "Service Thread" daemon [_thread_blocked, id=11950, stack(0x00007f6d34543000,0x00007f6d34644000)]
  0x00007f6d4c0b3000 JavaThread "C1 CompilerThread2" daemon [_thread_blocked, id=11949, stack(0x00007f6d34644000,0x00007f6d34745000)]
  0x00007f6d4c0b1000 JavaThread "C2 CompilerThread1" daemon [_thread_blocked, id=11947, stack(0x00007f6d34745000,0x00007f6d34846000)]
  0x00007f6d4c0ae800 JavaThread "C2 CompilerThread0" daemon [_thread_blocked, id=11945, stack(0x00007f6d34846000,0x00007f6d34947000)]
  0x00007f6d4c0ac000 JavaThread "Signal Dispatcher" daemon [_thread_blocked, id=11943, stack(0x00007f6d34947000,0x00007f6d34a48000)]
  0x00007f6d4c083800 JavaThread "Finalizer" daemon [_thread_blocked, id=11937, stack(0x00007f6d34d21000,0x00007f6d34e22000)]
  0x00007f6d4c07f000 JavaThread "Reference Handler" daemon [_thread_blocked, id=11928, stack(0x00007f6d34e22000,0x00007f6d34f23000)]
  0x00007f6d4c00a000 JavaThread "main" [_thread_blocked, id=11905, stack(0x00007f6d53cb8000,0x00007f6d53db9000)]

Other Threads:
=>0x00007f6d4c077800 VMThread [stack: 0x00007f6d34f23000,0x00007f6d35024000] [id=11926]
  0x00007f6d4c0bd000 WatcherThread [stack: 0x00007f6d34442000,0x00007f6d34543000] [id=11952]

VM state:at safepoint (normal execution)

VM Mutex/Monitor currently owned by a thread:  ([mutex/lock_event])
[0x00007f6d4c0067c0] Threads_lock - owner thread: 0x00007f6d4c077800
[0x00007f6d4c006cc0] Heap_lock - owner thread: 0x00007f6d4c176800

Heap:
 PSYoungGen      total 136192K, used 5117K [0x00000000eab00000, 0x00000000f3500000, 0x0000000100000000)
  eden space 131072K, 0% used [0x00000000eab00000,0x00000000eab00000,0x00000000f2b00000)
  from space 5120K, 99% used [0x00000000f2b00000,0x00000000f2fff610,0x00000000f3000000)
  to   space 5120K, 0% used [0x00000000f3000000,0x00000000f3000000,0x00000000f3500000)
 ParOldGen       total 86016K, used 42529K [0x00000000c0000000, 0x00000000c5400000, 0x00000000eab00000)
  object space 86016K, 49% used [0x00000000c0000000,0x00000000c2988708,0x00000000c5400000)
 Metaspace       used 6042K, capacity 7088K, committed 7296K, reserved 1056768K
  class space    used 582K, capacity 616K, committed 640K, reserved 1048576K

Card table byte_map: [0x00007f6d5018b000,0x00007f6d5038c000] byte_map_base: 0x00007f6d4fb8b000

Marking Bits: (ParMarkBitMap*) 0x00007f6d52f92fc0
 Begin Bits: [0x00007f6d36000000, 0x00007f6d37000000)
 End Bits:   [0x00007f6d37000000, 0x00007f6d38000000)

Polling page: 0x00007f6d53de4000

CodeCache: size=245760Kb used=6430Kb max_used=6430Kb free=239329Kb
 bounds [0x00007f6d3d000000, 0x00007f6d3d650000, 0x00007f6d4c000000]
 total_blobs=1867 nmethods=1599 adapters=182
 compilation: enabled

Compilation events (10 events):
Event: 8,696 Thread 0x00007f6d4c0b3000 2017       2       com.android.dx.dex.file.ValueEncoder::addContents (75 bytes)
Event: 8,697 Thread 0x00007f6d4c0b3000 nmethod 2017 0x00007f6d3d649fd0 code [0x00007f6d3d64a180, 0x00007f6d3d64a508]
Event: 8,697 Thread 0x00007f6d4c0b3000 2016       2       java.util.Collections::unmodifiableCollection (9 bytes)
Event: 8,697 Thread 0x00007f6d4c0b3000 nmethod 2016 0x00007f6d3d64a7d0 code [0x00007f6d3d64a940, 0x00007f6d3d64ab88]
Event: 8,697 Thread 0x00007f6d4c0b3000 2019       2       java.util.concurrent.locks.AbstractQueuedSynchronizer::acquire (27 bytes)
Event: 8,698 Thread 0x00007f6d4c0b3000 nmethod 2019 0x00007f6d3d64ac90 code [0x00007f6d3d64ae20, 0x00007f6d3d64b038]
Event: 8,698 Thread 0x00007f6d4c0b3000 2020       2       com.android.dx.cf.iface.StdFieldList::get (9 bytes)
Event: 8,698 Thread 0x00007f6d4c0b3000 nmethod 2020 0x00007f6d3d64b150 code [0x00007f6d3d64b2c0, 0x00007f6d3d64b488]
Event: 8,698 Thread 0x00007f6d4c0b3000 2021       2       com.android.dx.dex.file.EncodedField::<init> (25 bytes)
Event: 8,698 Thread 0x00007f6d4c0b3000 nmethod 2021 0x00007f6d3d64b550 code [0x00007f6d3d64b6c0, 0x00007f6d3d64b8e8]

GC Heap History (9 events):
Event: 2,572 GC heap before
{Heap before GC invocations=1 (full 0):
 PSYoungGen      total 37888K, used 32768K [0x00000000eab00000, 0x00000000ed500000, 0x0000000100000000)
  eden space 32768K, 100% used [0x00000000eab00000,0x00000000ecb00000,0x00000000ecb00000)
  from space 5120K, 0% used [0x00000000ed000000,0x00000000ed000000,0x00000000ed500000)
  to   space 5120K, 0% used [0x00000000ecb00000,0x00000000ecb00000,0x00000000ed000000)
 ParOldGen       total 86016K, used 0K [0x00000000c0000000, 0x00000000c5400000, 0x00000000eab00000)
  object space 86016K, 0% used [0x00000000c0000000,0x00000000c0000000,0x00000000c5400000)
 Metaspace       used 5562K, capacity 6768K, committed 7040K, reserved 1056768K
  class space    used 560K, capacity 616K, committed 640K, reserved 1048576K
Event: 2,661 GC heap after
Heap after GC invocations=1 (full 0):
 PSYoungGen      total 37888K, used 5098K [0x00000000eab00000, 0x00000000ef500000, 0x0000000100000000)
  eden space 32768K, 0% used [0x00000000eab00000,0x00000000eab00000,0x00000000ecb00000)
  from space 5120K, 99% used [0x00000000ecb00000,0x00000000ecffaac8,0x00000000ed000000)
  to   space 5120K, 0% used [0x00000000ef000000,0x00000000ef000000,0x00000000ef500000)
 ParOldGen       total 86016K, used 1654K [0x00000000c0000000, 0x00000000c5400000, 0x00000000eab00000)
  object space 86016K, 1% used [0x00000000c0000000,0x00000000c019d808,0x00000000c5400000)
 Metaspace       used 5562K, capacity 6768K, committed 7040K, reserved 1056768K
  class space    used 560K, capacity 616K, committed 640K, reserved 1048576K
}
Event: 3,863 GC heap before
{Heap before GC invocations=2 (full 0):
 PSYoungGen      total 37888K, used 37866K [0x00000000eab00000, 0x00000000ef500000, 0x0000000100000000)
  eden space 32768K, 100% used [0x00000000eab00000,0x00000000ecb00000,0x00000000ecb00000)
  from space 5120K, 99% used [0x00000000ecb00000,0x00000000ecffaac8,0x00000000ed000000)
  to   space 5120K, 0% used [0x00000000ef000000,0x00000000ef000000,0x00000000ef500000)
 ParOldGen       total 86016K, used 1654K [0x00000000c0000000, 0x00000000c5400000, 0x00000000eab00000)
  object space 86016K, 1% used [0x00000000c0000000,0x00000000c019d808,0x00000000c5400000)
 Metaspace       used 5638K, capacity 6832K, committed 7040K, reserved 1056768K
  class space    used 561K, capacity 616K, committed 640K, reserved 1048576K
Event: 3,901 GC heap after
Heap after GC invocations=2 (full 0):
 PSYoungGen      total 70656K, used 5111K [0x00000000eab00000, 0x00000000ef500000, 0x0000000100000000)
  eden space 65536K, 0% used [0x00000000eab00000,0x00000000eab00000,0x00000000eeb00000)
  from space 5120K, 99% used [0x00000000ef000000,0x00000000ef4fdc70,0x00000000ef500000)
  to   space 5120K, 0% used [0x00000000eeb00000,0x00000000eeb00000,0x00000000ef000000)
 ParOldGen       total 86016K, used 6005K [0x00000000c0000000, 0x00000000c5400000, 0x00000000eab00000)
  object space 86016K, 6% used [0x00000000c0000000,0x00000000c05dd710,0x00000000c5400000)
 Metaspace       used 5638K, capacity 6832K, committed 7040K, reserved 1056768K
  class space    used 561K, capacity 616K, committed 640K, reserved 1048576K
}
Event: 5,588 GC heap before
{Heap before GC invocations=3 (full 0):
 PSYoungGen      total 70656K, used 70647K [0x00000000eab00000, 0x00000000ef500000, 0x0000000100000000)
  eden space 65536K, 100% used [0x00000000eab00000,0x00000000eeb00000,0x00000000eeb00000)
  from space 5120K, 99% used [0x00000000ef000000,0x00000000ef4fdc70,0x00000000ef500000)
  to   space 5120K, 0% used [0x00000000eeb00000,0x00000000eeb00000,0x00000000ef000000)
 ParOldGen       total 86016K, used 6005K [0x00000000c0000000, 0x00000000c5400000, 0x00000000eab00000)
  object space 86016K, 6% used [0x00000000c0000000,0x00000000c05dd710,0x00000000c5400000)
 Metaspace       used 5733K, capacity 6896K, committed 7040K, reserved 1056768K
  class space    used 562K, capacity 616K, committed 640K, reserved 1048576K
Event: 5,829 GC heap after
Heap after GC invocations=3 (full 0):
 PSYoungGen      total 70656K, used 5109K [0x00000000eab00000, 0x00000000f3500000, 0x0000000100000000)
  eden space 65536K, 0% used [0x00000000eab00000,0x00000000eab00000,0x00000000eeb00000)
  from space 5120K, 99% used [0x00000000eeb00000,0x00000000eeffd440,0x00000000ef000000)
  to   space 5120K, 0% used [0x00000000f3000000,0x00000000f3000000,0x00000000f3500000)
 ParOldGen       total 86016K, used 16080K [0x00000000c0000000, 0x00000000c5400000, 0x00000000eab00000)
  object space 86016K, 18% used [0x00000000c0000000,0x00000000c0fb4048,0x00000000c5400000)
 Metaspace       used 5733K, capacity 6896K, committed 7040K, reserved 1056768K
  class space    used 562K, capacity 616K, committed 640K, reserved 1048576K
}
Event: 6,668 GC heap before
{Heap before GC invocations=4 (full 0):
 PSYoungGen      total 70656K, used 70645K [0x00000000eab00000, 0x00000000f3500000, 0x0000000100000000)
  eden space 65536K, 100% used [0x00000000eab00000,0x00000000eeb00000,0x00000000eeb00000)
  from space 5120K, 99% used [0x00000000eeb00000,0x00000000eeffd440,0x00000000ef000000)
  to   space 5120K, 0% used [0x00000000f3000000,0x00000000f3000000,0x00000000f3500000)
 ParOldGen       total 86016K, used 16080K [0x00000000c0000000, 0x00000000c5400000, 0x00000000eab00000)
  object space 86016K, 18% used [0x00000000c0000000,0x00000000c0fb4048,0x00000000c5400000)
 Metaspace       used 5840K, capacity 6960K, committed 7040K, reserved 1056768K
  class space    used 580K, capacity 616K, committed 640K, reserved 1048576K
Event: 6,915 GC heap after
Heap after GC invocations=4 (full 0):
 PSYoungGen      total 136192K, used 5113K [0x00000000eab00000, 0x00000000f3500000, 0x0000000100000000)
  eden space 131072K, 0% used [0x00000000eab00000,0x00000000eab00000,0x00000000f2b00000)
  from space 5120K, 99% used [0x00000000f3000000,0x00000000f34fe590,0x00000000f3500000)
  to   space 5120K, 0% used [0x00000000f2b00000,0x00000000f2b00000,0x00000000f3000000)
 ParOldGen       total 86016K, used 25129K [0x00000000c0000000, 0x00000000c5400000, 0x00000000eab00000)
  object space 86016K, 29% used [0x00000000c0000000,0x00000000c188a5b0,0x00000000c5400000)
 Metaspace       used 5840K, capacity 6960K, committed 7040K, reserved 1056768K
  class space    used 580K, capacity 616K, committed 640K, reserved 1048576K
}
Event: 8,712 GC heap before
{Heap before GC invocations=5 (full 0):
 PSYoungGen      total 136192K, used 136185K [0x00000000eab00000, 0x00000000f3500000, 0x0000000100000000)
  eden space 131072K, 100% used [0x00000000eab00000,0x00000000f2b00000,0x00000000f2b00000)
  from space 5120K, 99% used [0x00000000f3000000,0x00000000f34fe590,0x00000000f3500000)
  to   space 5120K, 0% used [0x00000000f2b00000,0x00000000f2b00000,0x00000000f3000000)
 ParOldGen       total 86016K, used 25129K [0x00000000c0000000, 0x00000000c5400000, 0x00000000eab00000)
  object space 86016K, 29% used [0x00000000c0000000,0x00000000c188a5b0,0x00000000c5400000)
 Metaspace       used 6042K, capacity 7088K, committed 7296K, reserved 1056768K
  class space    used 582K, capacity 616K, committed 640K, reserved 1048576K

Deoptimization events (10 events):
Event: 3,536 Thread 0x00007f6d4c00a000 Uncommon trap: reason=bimorphic action=maybe_recompile pc=0x00007f6d3d1fe51c method=java.util.HashMap.getNode(ILjava/lang/Object;)Ljava/util/HashMap$Node; @ 126
Event: 3,536 Thread 0x00007f6d4c00a000 Uncommon trap: reason=bimorphic action=maybe_recompile pc=0x00007f6d3d1fe51c method=java.util.HashMap.getNode(ILjava/lang/Object;)Ljava/util/HashMap$Node; @ 126
Event: 3,536 Thread 0x00007f6d4c00a000 Uncommon trap: reason=bimorphic action=maybe_recompile pc=0x00007f6d3d1fe51c method=java.util.HashMap.getNode(ILjava/lang/Object;)Ljava/util/HashMap$Node; @ 126
Event: 3,536 Thread 0x00007f6d4c00a000 Uncommon trap: reason=unstable_if action=reinterpret pc=0x00007f6d3d2861dc method=com.android.dx.rop.cst.Constant.compareTo(Lcom/android/dx/rop/cst/Constant;)I @ 12
Event: 5,994 Thread 0x00007f6d4c172800 Uncommon trap: reason=unstable_if action=reinterpret pc=0x00007f6d3d469394 method=java.util.HashMap.putVal(ILjava/lang/Object;Ljava/lang/Object;ZZ)Ljava/lang/Object; @ 162
Event: 6,042 Thread 0x00007f6d4c176800 Uncommon trap: reason=unstable_if action=reinterpret pc=0x00007f6d3d338f34 method=java.util.HashMap.getNode(ILjava/lang/Object;)Ljava/util/HashMap$Node; @ 84
Event: 6,136 Thread 0x00007f6d4c172800 Uncommon trap: reason=unstable_if action=reinterpret pc=0x00007f6d3d3b1254 method=java.util.HashMap.getNode(ILjava/lang/Object;)Ljava/util/HashMap$Node; @ 84
Event: 6,216 Thread 0x00007f6d4c178000 Uncommon trap: reason=unstable_if action=reinterpret pc=0x00007f6d3d470104 method=java.util.HashMap.putVal(ILjava/lang/Object;Ljava/lang/Object;ZZ)Ljava/lang/Object; @ 162
Event: 6,267 Thread 0x00007f6d4c176800 Uncommon trap: reason=unstable_if action=reinterpret pc=0x00007f6d3d4451cc method=com.android.dx.dex.code.OutputFinisher.hasLocalInfo(Lcom/android/dx/dex/code/DalvInsn;)Z @ 24
Event: 7,314 Thread 0x00007f6d4c00a000 Uncommon trap: reason=unstable_if action=reinterpret pc=0x00007f6d3d580ff8 method=com.android.dx.ssa.SCCP.simulateStmt(Lcom/android/dx/ssa/SsaInsn;)V @ 59

Internal exceptions (7 events):
Event: 0,070 Thread 0x00007f6d4c00a000 Exception <a 'java/lang/NoSuchMethodError': Method sun.misc.Unsafe.defineClass(Ljava/lang/String;[BII)Ljava/lang/Class; name or signature does not match> (0x00000000eab07cc0) thrown at [/build/openjdk-8-W1Ghxo/openjdk-8-8u91-b14/src/hotspot/src/share/vm/p
Event: 0,070 Thread 0x00007f6d4c00a000 Exception <a 'java/lang/NoSuchMethodError': Method sun.misc.Unsafe.prefetchRead(Ljava/lang/Object;J)V name or signature does not match> (0x00000000eab07fa8) thrown at [/build/openjdk-8-W1Ghxo/openjdk-8-8u91-b14/src/hotspot/src/share/vm/prims/jni.cpp, line
Event: 2,291 Thread 0x00007f6d4c00a000 Implicit null exception at 0x00007f6d3d277969 to 0x00007f6d3d279d01
Event: 2,709 Thread 0x00007f6d4c00a000 Implicit null exception at 0x00007f6d3d292dea to 0x00007f6d3d295291
Event: 5,995 Thread 0x00007f6d4c172800 Exception <a 'java/lang/ArrayIndexOutOfBoundsException': 18> (0x00000000eb75bbf0) thrown at [/build/openjdk-8-W1Ghxo/openjdk-8-8u91-b14/src/hotspot/src/share/vm/interpreter/interpreterRuntime.cpp, line 366]
Event: 5,996 Thread 0x00007f6d4c172800 Exception <a 'java/lang/ArrayIndexOutOfBoundsException': 145> (0x00000000eb75d770) thrown at [/build/openjdk-8-W1Ghxo/openjdk-8-8u91-b14/src/hotspot/src/share/vm/interpreter/interpreterRuntime.cpp, line 366]
Event: 6,034 Thread 0x00007f6d4c172800 Exception <a 'java/lang/ArrayIndexOutOfBoundsException': 40> (0x00000000eb75ea58) thrown at [/build/openjdk-8-W1Ghxo/openjdk-8-8u91-b14/src/hotspot/src/share/vm/interpreter/interpreterRuntime.cpp, line 366]

Events (10 events):
Event: 8,414 Thread 0x00007f6d4c172800 DEOPT UNPACKING pc=0x00007f6d3d047373 sp=0x00007f6d343f0ef8 mode 0
Event: 8,450 Thread 0x00007f6d4c176800 DEOPT PACKING pc=0x00007f6d3d1f1279 sp=0x00007f6d341ef130
Event: 8,450 Thread 0x00007f6d4c176800 DEOPT UNPACKING pc=0x00007f6d3d047373 sp=0x00007f6d341eee80 mode 0
Event: 8,496 loading class java/util/HashMap$KeySet
Event: 8,517 loading class java/util/HashMap$KeySet done
Event: 8,517 loading class java/util/HashMap$KeyIterator
Event: 8,517 loading class java/util/HashMap$KeyIterator done
Event: 8,559 Thread 0x00007f6d4c176800 DEOPT PACKING pc=0x00007f6d3d36f12c sp=0x00007f6d341ef120
Event: 8,559 Thread 0x00007f6d4c176800 DEOPT UNPACKING pc=0x00007f6d3d047373 sp=0x00007f6d341eee20 mode 0
Event: 8,699 Executing VM operation: ParallelGCFailedAllocation


Dynamic libraries:
00400000-00401000 r-xp 00000000 08:13 5906694                            /usr/lib/jvm/java-8-openjdk-amd64/jre/bin/java
00600000-00601000 r--p 00000000 08:13 5906694                            /usr/lib/jvm/java-8-openjdk-amd64/jre/bin/java
00601000-00602000 rw-p 00001000 08:13 5906694                            /usr/lib/jvm/java-8-openjdk-amd64/jre/bin/java
00f39000-00f5a000 rw-p 00000000 00:00 0                                  [heap]
c0000000-c5400000 rw-p 00000000 00:00 0 
c5400000-eab00000 ---p 00000000 00:00 0 
eab00000-f3500000 rw-p 00000000 00:00 0 
fdb00000-100000000 ---p 00000000 00:00 0 
100000000-1000a0000 rw-p 00000000 00:00 0 
1000a0000-140000000 ---p 00000000 00:00 0 
7f6ce8000000-7f6ce8021000 rw-p 00000000 00:00 0 
7f6ce8021000-7f6cec000000 ---p 00000000 00:00 0 
7f6cf0000000-7f6cf0023000 rw-p 00000000 00:00 0 
7f6cf0023000-7f6cf4000000 ---p 00000000 00:00 0 
7f6cf4000000-7f6cf4021000 rw-p 00000000 00:00 0 
7f6cf4021000-7f6cf8000000 ---p 00000000 00:00 0 
7f6cf8000000-7f6cf8052000 rw-p 00000000 00:00 0 
7f6cf8052000-7f6cfc000000 ---p 00000000 00:00 0 
7f6cfc000000-7f6cfc021000 rw-p 00000000 00:00 0 
7f6cfc021000-7f6d00000000 ---p 00000000 00:00 0 
7f6d00000000-7f6d00021000 rw-p 00000000 00:00 0 
7f6d00021000-7f6d04000000 ---p 00000000 00:00 0 
7f6d04000000-7f6d04021000 rw-p 00000000 00:00 0 
7f6d04021000-7f6d08000000 ---p 00000000 00:00 0 
7f6d08000000-7f6d08e9e000 rw-p 00000000 00:00 0 
7f6d08e9e000-7f6d0c000000 ---p 00000000 00:00 0 
7f6d0c000000-7f6d0c7d3000 rw-p 00000000 00:00 0 
7f6d0c7d3000-7f6d10000000 ---p 00000000 00:00 0 
7f6d10000000-7f6d10021000 rw-p 00000000 00:00 0 
7f6d10021000-7f6d14000000 ---p 00000000 00:00 0 
7f6d14000000-7f6d14971000 rw-p 00000000 00:00 0 
7f6d14971000-7f6d18000000 ---p 00000000 00:00 0 
7f6d18000000-7f6d18021000 rw-p 00000000 00:00 0 
7f6d18021000-7f6d1c000000 ---p 00000000 00:00 0 
7f6d1c000000-7f6d1c021000 rw-p 00000000 00:00 0 
7f6d1c021000-7f6d20000000 ---p 00000000 00:00 0 
7f6d20000000-7f6d20021000 rw-p 00000000 00:00 0 
7f6d20021000-7f6d24000000 ---p 00000000 00:00 0 
7f6d24000000-7f6d24021000 rw-p 00000000 00:00 0 
7f6d24021000-7f6d28000000 ---p 00000000 00:00 0 
7f6d28000000-7f6d28021000 rw-p 00000000 00:00 0 
7f6d28021000-7f6d2c000000 ---p 00000000 00:00 0 
7f6d2fdfe000-7f6d2fe01000 ---p 00000000 00:00 0 
7f6d2fe01000-7f6d2feff000 rw-p 00000000 00:00 0 
7f6d2feff000-7f6d2ff02000 ---p 00000000 00:00 0 
7f6d2ff02000-7f6d30000000 rw-p 00000000 00:00 0 
7f6d30000000-7f6d30021000 rw-p 00000000 00:00 0 
7f6d30021000-7f6d34000000 ---p 00000000 00:00 0 
7f6d340f0000-7f6d340f3000 ---p 00000000 00:00 0 
7f6d340f3000-7f6d341f1000 rw-p 00000000 00:00 0 
7f6d341f1000-7f6d341f4000 ---p 00000000 00:00 0 
7f6d341f4000-7f6d342f2000 rw-p 00000000 00:00 0 
7f6d342f2000-7f6d342f5000 ---p 00000000 00:00 0 
7f6d342f5000-7f6d343f3000 rw-p 00000000 00:00 0 
7f6d343fc000-7f6d3440b000 r--s 000df000 08:04 12190172                   /home/etabli/Android/Sdk/build-tools/23.0.0/lib/dx.jar
7f6d3440b000-7f6d34427000 r--s 00393000 08:13 5906772                    /usr/lib/jvm/java-8-openjdk-amd64/jre/lib/ext/cldrdata.jar
7f6d34427000-7f6d34442000 r--s 001d7000 08:13 5906770                    /usr/lib/jvm/java-8-openjdk-amd64/jre/lib/ext/nashorn.jar
7f6d34442000-7f6d34443000 ---p 00000000 00:00 0 
7f6d34443000-7f6d34543000 rw-p 00000000 00:00 0 
7f6d34543000-7f6d34546000 ---p 00000000 00:00 0 
7f6d34546000-7f6d34644000 rw-p 00000000 00:00 0 
7f6d34644000-7f6d34647000 ---p 00000000 00:00 0 
7f6d34647000-7f6d34745000 rw-p 00000000 00:00 0 
7f6d34745000-7f6d34748000 ---p 00000000 00:00 0 
7f6d34748000-7f6d34846000 rw-p 00000000 00:00 0 
7f6d34846000-7f6d34849000 ---p 00000000 00:00 0 
7f6d34849000-7f6d34947000 rw-p 00000000 00:00 0 
7f6d34947000-7f6d3494a000 ---p 00000000 00:00 0 
7f6d3494a000-7f6d34a48000 rw-p 00000000 00:00 0 
7f6d34a48000-7f6d34d21000 r--p 00000000 08:13 5767407                    /usr/lib/locale/locale-archive
7f6d34d21000-7f6d34d24000 ---p 00000000 00:00 0 
7f6d34d24000-7f6d34e22000 rw-p 00000000 00:00 0 
7f6d34e22000-7f6d34e25000 ---p 00000000 00:00 0 
7f6d34e25000-7f6d34f23000 rw-p 00000000 00:00 0 
7f6d34f23000-7f6d34f24000 ---p 00000000 00:00 0 
7f6d34f24000-7f6d35e32000 rw-p 00000000 00:00 0 
7f6d35e32000-7f6d36000000 r--s 03beb000 08:13 5906758                    /usr/lib/jvm/java-8-openjdk-amd64/jre/lib/rt.jar
7f6d36000000-7f6d38000000 rw-p 00000000 00:00 0 
7f6d38000000-7f6d38021000 rw-p 00000000 00:00 0 
7f6d38021000-7f6d3c000000 ---p 00000000 00:00 0 
7f6d3c001000-7f6d3c87c000 rw-p 00000000 00:00 0 
7f6d3c87c000-7f6d3c9fc000 ---p 00000000 00:00 0 
7f6d3c9fc000-7f6d3cbfc000 rw-p 00000000 00:00 0 
7f6d3cbfc000-7f6d3cbfd000 ---p 00000000 00:00 0 
7f6d3cbfd000-7f6d3ccfd000 rw-p 00000000 00:00 0 
7f6d3ccfd000-7f6d3ccfe000 ---p 00000000 00:00 0 
7f6d3ccfe000-7f6d3cdfe000 rw-p 00000000 00:00 0 
7f6d3cdfe000-7f6d3cdff000 ---p 00000000 00:00 0 
7f6d3cdff000-7f6d3ceff000 rw-p 00000000 00:00 0 
7f6d3ceff000-7f6d3cf00000 ---p 00000000 00:00 0 
7f6d3cf00000-7f6d3d000000 rw-p 00000000 00:00 0 
7f6d3d000000-7f6d3d650000 rwxp 00000000 00:00 0 
7f6d3d650000-7f6d4c000000 ---p 00000000 00:00 0 
7f6d4c000000-7f6d4c1b4000 rw-p 00000000 00:00 0 
7f6d4c1b4000-7f6d50000000 ---p 00000000 00:00 0 
7f6d50001000-7f6d50005000 r--s 00037000 08:13 5906779                    /usr/lib/jvm/java-8-openjdk-amd64/jre/lib/ext/sunpkcs11.jar
7f6d50005000-7f6d5000a000 r--s 0003b000 08:13 5906776                    /usr/lib/jvm/java-8-openjdk-amd64/jre/lib/ext/sunjce_provider.jar
7f6d5000a000-7f6d50014000 r--s 00116000 08:13 5906778                    /usr/lib/jvm/java-8-openjdk-amd64/jre/lib/ext/localedata.jar
7f6d50014000-7f6d5005f000 rw-p 00000000 00:00 0 
7f6d5005f000-7f6d5018b000 ---p 00000000 00:00 0 
7f6d5018b000-7f6d501b5000 rw-p 00000000 00:00 0 
7f6d501b5000-7f6d502e0000 ---p 00000000 00:00 0 
7f6d502e0000-7f6d50326000 rw-p 00000000 00:00 0 
7f6d50326000-7f6d5038b000 ---p 00000000 00:00 0 
7f6d5038b000-7f6d503a6000 rw-p 00000000 00:00 0 
7f6d503a6000-7f6d5074c000 ---p 00000000 00:00 0 
7f6d5074c000-7f6d50754000 r-xp 00000000 08:13 5906726                    /usr/lib/jvm/java-8-openjdk-amd64/jre/lib/amd64/libzip.so
7f6d50754000-7f6d50953000 ---p 00008000 08:13 5906726                    /usr/lib/jvm/java-8-openjdk-amd64/jre/lib/amd64/libzip.so
7f6d50953000-7f6d50954000 r--p 00007000 08:13 5906726                    /usr/lib/jvm/java-8-openjdk-amd64/jre/lib/amd64/libzip.so
7f6d50954000-7f6d50955000 rw-p 00008000 08:13 5906726                    /usr/lib/jvm/java-8-openjdk-amd64/jre/lib/amd64/libzip.so
7f6d50955000-7f6d50960000 r-xp 00000000 08:13 7610657                    /lib/x86_64-linux-gnu/libnss_files-2.23.so
7f6d50960000-7f6d50b5f000 ---p 0000b000 08:13 7610657                    /lib/x86_64-linux-gnu/libnss_files-2.23.so
7f6d50b5f000-7f6d50b60000 r--p 0000a000 08:13 7610657                    /lib/x86_64-linux-gnu/libnss_files-2.23.so
7f6d50b60000-7f6d50b61000 rw-p 0000b000 08:13 7610657                    /lib/x86_64-linux-gnu/libnss_files-2.23.so
7f6d50b61000-7f6d50b67000 rw-p 00000000 00:00 0 
7f6d50b67000-7f6d50b72000 r-xp 00000000 08:13 7610654                    /lib/x86_64-linux-gnu/libnss_nis-2.23.so
7f6d50b72000-7f6d50d71000 ---p 0000b000 08:13 7610654                    /lib/x86_64-linux-gnu/libnss_nis-2.23.so
7f6d50d71000-7f6d50d72000 r--p 0000a000 08:13 7610654                    /lib/x86_64-linux-gnu/libnss_nis-2.23.so
7f6d50d72000-7f6d50d73000 rw-p 0000b000 08:13 7610654                    /lib/x86_64-linux-gnu/libnss_nis-2.23.so
7f6d50d73000-7f6d50d89000 r-xp 00000000 08:13 7610652                    /lib/x86_64-linux-gnu/libnsl-2.23.so
7f6d50d89000-7f6d50f88000 ---p 00016000 08:13 7610652                    /lib/x86_64-linux-gnu/libnsl-2.23.so
7f6d50f88000-7f6d50f89000 r--p 00015000 08:13 7610652                    /lib/x86_64-linux-gnu/libnsl-2.23.so
7f6d50f89000-7f6d50f8a000 rw-p 00016000 08:13 7610652                    /lib/x86_64-linux-gnu/libnsl-2.23.so
7f6d50f8a000-7f6d50f8c000 rw-p 00000000 00:00 0 
7f6d50f8c000-7f6d50f94000 r-xp 00000000 08:13 7610650                    /lib/x86_64-linux-gnu/libnss_compat-2.23.so
7f6d50f94000-7f6d51193000 ---p 00008000 08:13 7610650                    /lib/x86_64-linux-gnu/libnss_compat-2.23.so
7f6d51193000-7f6d51194000 r--p 00007000 08:13 7610650                    /lib/x86_64-linux-gnu/libnss_compat-2.23.so
7f6d51194000-7f6d51195000 rw-p 00008000 08:13 7610650                    /lib/x86_64-linux-gnu/libnss_compat-2.23.so
7f6d51195000-7f6d511c2000 r-xp 00000000 08:13 5906711                    /usr/lib/jvm/java-8-openjdk-amd64/jre/lib/amd64/libjava.so
7f6d511c2000-7f6d513c1000 ---p 0002d000 08:13 5906711                    /usr/lib/jvm/java-8-openjdk-amd64/jre/lib/amd64/libjava.so
7f6d513c1000-7f6d513c2000 r--p 0002c000 08:13 5906711                    /usr/lib/jvm/java-8-openjdk-amd64/jre/lib/amd64/libjava.so
7f6d513c2000-7f6d513c4000 rw-p 0002d000 08:13 5906711                    /usr/lib/jvm/java-8-openjdk-amd64/jre/lib/amd64/libjava.so
7f6d513c4000-7f6d513d3000 r-xp 00000000 08:13 5906712                    /usr/lib/jvm/java-8-openjdk-amd64/jre/lib/amd64/libverify.so
7f6d513d3000-7f6d515d2000 ---p 0000f000 08:13 5906712                    /usr/lib/jvm/java-8-openjdk-amd64/jre/lib/amd64/libverify.so
7f6d515d2000-7f6d515d4000 r--p 0000e000 08:13 5906712                    /usr/lib/jvm/java-8-openjdk-amd64/jre/lib/amd64/libverify.so
7f6d515d4000-7f6d515d5000 rw-p 00010000 08:13 5906712                    /usr/lib/jvm/java-8-openjdk-amd64/jre/lib/amd64/libverify.so
7f6d515d5000-7f6d515dc000 r-xp 00000000 08:13 7610666                    /lib/x86_64-linux-gnu/librt-2.23.so
7f6d515dc000-7f6d517db000 ---p 00007000 08:13 7610666                    /lib/x86_64-linux-gnu/librt-2.23.so
7f6d517db000-7f6d517dc000 r--p 00006000 08:13 7610666                    /lib/x86_64-linux-gnu/librt-2.23.so
7f6d517dc000-7f6d517dd000 rw-p 00007000 08:13 7610666                    /lib/x86_64-linux-gnu/librt-2.23.so
7f6d517dd000-7f6d517f3000 r-xp 00000000 08:13 7602206                    /lib/x86_64-linux-gnu/libgcc_s.so.1
7f6d517f3000-7f6d519f2000 ---p 00016000 08:13 7602206                    /lib/x86_64-linux-gnu/libgcc_s.so.1
7f6d519f2000-7f6d519f3000 rw-p 00015000 08:13 7602206                    /lib/x86_64-linux-gnu/libgcc_s.so.1
7f6d519f3000-7f6d51afb000 r-xp 00000000 08:13 7610663                    /lib/x86_64-linux-gnu/libm-2.23.so
7f6d51afb000-7f6d51cfa000 ---p 00108000 08:13 7610663                    /lib/x86_64-linux-gnu/libm-2.23.so
7f6d51cfa000-7f6d51cfb000 r--p 00107000 08:13 7610663                    /lib/x86_64-linux-gnu/libm-2.23.so
7f6d51cfb000-7f6d51cfc000 rw-p 00108000 08:13 7610663                    /lib/x86_64-linux-gnu/libm-2.23.so
7f6d51cfc000-7f6d51e6e000 r-xp 00000000 08:13 5770266                    /usr/lib/x86_64-linux-gnu/libstdc++.so.6.0.21
7f6d51e6e000-7f6d5206e000 ---p 00172000 08:13 5770266                    /usr/lib/x86_64-linux-gnu/libstdc++.so.6.0.21
7f6d5206e000-7f6d52078000 r--p 00172000 08:13 5770266                    /usr/lib/x86_64-linux-gnu/libstdc++.so.6.0.21
7f6d52078000-7f6d5207a000 rw-p 0017c000 08:13 5770266                    /usr/lib/x86_64-linux-gnu/libstdc++.so.6.0.21
7f6d5207a000-7f6d5207e000 rw-p 00000000 00:00 0 
7f6d5207e000-7f6d52cc4000 r-xp 00000000 08:13 5906724                    /usr/lib/jvm/java-8-openjdk-amd64/jre/lib/amd64/server/libjvm.so
7f6d52cc4000-7f6d52ec4000 ---p 00c46000 08:13 5906724                    /usr/lib/jvm/java-8-openjdk-amd64/jre/lib/amd64/server/libjvm.so
7f6d52ec4000-7f6d52f57000 r--p 00c46000 08:13 5906724                    /usr/lib/jvm/java-8-openjdk-amd64/jre/lib/amd64/server/libjvm.so
7f6d52f57000-7f6d52f7f000 rw-p 00cd9000 08:13 5906724                    /usr/lib/jvm/java-8-openjdk-amd64/jre/lib/amd64/server/libjvm.so
7f6d52f7f000-7f6d52faf000 rw-p 00000000 00:00 0 
7f6d52faf000-7f6d52fc7000 r-xp 00000000 08:13 7610670                    /lib/x86_64-linux-gnu/libpthread-2.23.so
7f6d52fc7000-7f6d531c6000 ---p 00018000 08:13 7610670                    /lib/x86_64-linux-gnu/libpthread-2.23.so
7f6d531c6000-7f6d531c7000 r--p 00017000 08:13 7610670                    /lib/x86_64-linux-gnu/libpthread-2.23.so
7f6d531c7000-7f6d531c8000 rw-p 00018000 08:13 7610670                    /lib/x86_64-linux-gnu/libpthread-2.23.so
7f6d531c8000-7f6d531cc000 rw-p 00000000 00:00 0 
7f6d531cc000-7f6d531cf000 r-xp 00000000 08:13 7610672                    /lib/x86_64-linux-gnu/libdl-2.23.so
7f6d531cf000-7f6d533ce000 ---p 00003000 08:13 7610672                    /lib/x86_64-linux-gnu/libdl-2.23.so
7f6d533ce000-7f6d533cf000 r--p 00002000 08:13 7610672                    /lib/x86_64-linux-gnu/libdl-2.23.so
7f6d533cf000-7f6d533d0000 rw-p 00003000 08:13 7610672                    /lib/x86_64-linux-gnu/libdl-2.23.so
7f6d533d0000-7f6d533e9000 r-xp 00000000 08:13 7604065                    /lib/x86_64-linux-gnu/libz.so.1.2.8
7f6d533e9000-7f6d535e8000 ---p 00019000 08:13 7604065                    /lib/x86_64-linux-gnu/libz.so.1.2.8
7f6d535e8000-7f6d535e9000 r--p 00018000 08:13 7604065                    /lib/x86_64-linux-gnu/libz.so.1.2.8
7f6d535e9000-7f6d535ea000 rw-p 00019000 08:13 7604065                    /lib/x86_64-linux-gnu/libz.so.1.2.8
7f6d535ea000-7f6d537aa000 r-xp 00000000 08:13 7610671                    /lib/x86_64-linux-gnu/libc-2.23.so
7f6d537aa000-7f6d539a9000 ---p 001c0000 08:13 7610671                    /lib/x86_64-linux-gnu/libc-2.23.so
7f6d539a9000-7f6d539ad000 r--p 001bf000 08:13 7610671                    /lib/x86_64-linux-gnu/libc-2.23.so
7f6d539ad000-7f6d539af000 rw-p 001c3000 08:13 7610671                    /lib/x86_64-linux-gnu/libc-2.23.so
7f6d539af000-7f6d539b3000 rw-p 00000000 00:00 0 
7f6d539b3000-7f6d539c0000 r-xp 00000000 08:13 5906740                    /usr/lib/jvm/java-8-openjdk-amd64/jre/lib/amd64/jli/libjli.so
7f6d539c0000-7f6d53bc0000 ---p 0000d000 08:13 5906740                    /usr/lib/jvm/java-8-openjdk-amd64/jre/lib/amd64/jli/libjli.so
7f6d53bc0000-7f6d53bc1000 r--p 0000d000 08:13 5906740                    /usr/lib/jvm/java-8-openjdk-amd64/jre/lib/amd64/jli/libjli.so
7f6d53bc1000-7f6d53bc2000 rw-p 0000e000 08:13 5906740                    /usr/lib/jvm/java-8-openjdk-amd64/jre/lib/amd64/jli/libjli.so
7f6d53bc2000-7f6d53be8000 r-xp 00000000 08:13 7610667                    /lib/x86_64-linux-gnu/ld-2.23.so
7f6d53be8000-7f6d53cb8000 rw-p 00000000 00:00 0 
7f6d53cb8000-7f6d53cbb000 ---p 00000000 00:00 0 
7f6d53cbb000-7f6d53dbe000 rw-p 00000000 00:00 0 
7f6d53dbf000-7f6d53dc1000 r--s 00001000 08:13 5906771                    /usr/lib/jvm/java-8-openjdk-amd64/jre/lib/ext/dnsns.jar
7f6d53dc1000-7f6d53dc2000 r--s 0000a000 08:13 5906774                    /usr/lib/jvm/java-8-openjdk-amd64/jre/lib/ext/jaccess.jar
7f6d53dc2000-7f6d53dc3000 r--s 00010000 08:13 5906775                    /usr/lib/jvm/java-8-openjdk-amd64/jre/lib/ext/zipfs.jar
7f6d53dc3000-7f6d53dc4000 r--s 00008000 08:13 5906773                    /usr/lib/jvm/java-8-openjdk-amd64/jre/lib/ext/sunec.jar
7f6d53dc4000-7f6d53dc7000 r--s 0000f000 08:13 5906777                    /usr/lib/jvm/java-8-openjdk-amd64/jre/lib/ext/icedtea-sound.jar
7f6d53dc7000-7f6d53ddb000 rw-p 00000000 00:00 0 
7f6d53ddb000-7f6d53de3000 rw-s 00000000 08:13 138628                     /tmp/hsperfdata_etabli/11903
7f6d53de3000-7f6d53de4000 rw-p 00000000 00:00 0 
7f6d53de4000-7f6d53de5000 ---p 00000000 00:00 0 
7f6d53de5000-7f6d53de7000 rw-p 00000000 00:00 0 
7f6d53de7000-7f6d53de8000 r--p 00025000 08:13 7610667                    /lib/x86_64-linux-gnu/ld-2.23.so
7f6d53de8000-7f6d53de9000 rw-p 00026000 08:13 7610667                    /lib/x86_64-linux-gnu/ld-2.23.so
7f6d53de9000-7f6d53dea000 rw-p 00000000 00:00 0 
7ffc6ed22000-7ffc6ed44000 rw-p 00000000 00:00 0                          [stack]
7ffc6ed79000-7ffc6ed7b000 r--p 00000000 00:00 0                          [vvar]
7ffc6ed7b000-7ffc6ed7d000 r-xp 00000000 00:00 0                          [vdso]
ffffffffff600000-ffffffffff601000 r-xp 00000000 00:00 0                  [vsyscall]

VM Arguments:
jvm_args: -Djava.awt.headless=true -Xmx1024M -Dfile.encoding=UTF-8 -Duser.country=US -Duser.language=en -Duser.variant 
java_command: com.android.dx.command.Main --dex --num-threads=4 --output /home/etabli/julien.heyman@gmail.com/code/github/HomeHub/app/build/intermediates/pre-dexed/debug/com.android.support-appcompat-v7-23.4.0_b2449b8e5e7a1ac771cc17bb5ebaba93bf2d1079.jar /home/etabli/julien.heyman@gmail.com/code/github/HomeHub/app/build/intermediates/exploded-aar/com.android.support/appcompat-v7/23.4.0/jars/classes.jar
java_class_path (initial): /home/etabli/Android/Sdk/build-tools/23.0.0/lib/dx.jar
Launcher Type: SUN_STANDARD

Environment Variables:
JAVA_HOME=/usr/lib/jvm/java-1.8.0-openjdk-amd64
PATH=/home/etabli/bin:/usr/local/sbin:/usr/local/bin:/usr/sbin:/usr/bin:/sbin:/bin:/usr/games:/usr/local/games:/snap/bin:/usr/lib/jvm/java-1.8.0-openjdk-amd64/bin
LD_LIBRARY_PATH=.:
SHELL=/bin/bash
DISPLAY=:0

Signal Handlers:
SIGSEGV: [libjvm.so+0xa5e970], sa_mask[0]=11111111011111111101111111111110, sa_flags=SA_RESTART|SA_SIGINFO
SIGBUS: [libjvm.so+0xa5e970], sa_mask[0]=11111111011111111101111111111110, sa_flags=SA_RESTART|SA_SIGINFO
SIGFPE: [libjvm.so+0x8a9ff0], sa_mask[0]=11111111011111111101111111111110, sa_flags=SA_RESTART|SA_SIGINFO
SIGPIPE: [libjvm.so+0x8a9ff0], sa_mask[0]=11111111011111111101111111111110, sa_flags=SA_RESTART|SA_SIGINFO
SIGXFSZ: [libjvm.so+0x8a9ff0], sa_mask[0]=11111111011111111101111111111110, sa_flags=SA_RESTART|SA_SIGINFO
SIGILL: [libjvm.so+0x8a9ff0], sa_mask[0]=11111111011111111101111111111110, sa_flags=SA_RESTART|SA_SIGINFO
SIGUSR1: SIG_DFL, sa_mask[0]=00000000000000000000000000000000, sa_flags=none
SIGUSR2: [libjvm.so+0x8a9ea0], sa_mask[0]=00100000000000000000000000000000, sa_flags=SA_RESTART|SA_SIGINFO
SIGHUP: [libjvm.so+0x8aa370], sa_mask[0]=11111111011111111101111111111110, sa_flags=SA_RESTART|SA_SIGINFO
SIGINT: [libjvm.so+0x8aa370], sa_mask[0]=11111111011111111101111111111110, sa_flags=SA_RESTART|SA_SIGINFO
SIGTERM: [libjvm.so+0x8aa370], sa_mask[0]=11111111011111111101111111111110, sa_flags=SA_RESTART|SA_SIGINFO
SIGQUIT: [libjvm.so+0x8aa370], sa_mask[0]=11111111011111111101111111111110, sa_flags=SA_RESTART|SA_SIGINFO


---------------  S Y S T E M  ---------------

OS:DISTRIB_ID=Ubuntu
DISTRIB_RELEASE=16.04
DISTRIB_CODENAME=xenial
DISTRIB_DESCRIPTION="Ubuntu 16.04.1 LTS"

uname:Linux 4.4.0-42-generic #62-Ubuntu SMP Fri Oct 7 23:11:45 UTC 2016 x86_64
libc:glibc 2.23 NPTL 2.23 
rlimit: STACK 8192k, CORE 0k, NPROC 31687, NOFILE 65536, AS infinity
load average:6,55 2,40 1,45

/proc/meminfo:
MemTotal:        8156580 kB
MemFree:          109924 kB
MemAvailable:      31532 kB
Buffers:             648 kB
Cached:           262872 kB
SwapCached:            0 kB
Active:          7324800 kB
Inactive:         229828 kB
Active(anon):    7294012 kB
Inactive(anon):   207356 kB
Active(file):      30788 kB
Inactive(file):    22472 kB
Unevictable:          48 kB
Mlocked:              48 kB
SwapTotal:             0 kB
SwapFree:              0 kB
Dirty:               776 kB
Writeback:             0 kB
AnonPages:       7292068 kB
Mapped:           434200 kB
Shmem:            209228 kB
Slab:             125864 kB
SReclaimable:      59844 kB
SUnreclaim:        66020 kB
KernelStack:       18304 kB
PageTables:        73744 kB
NFS_Unstable:          0 kB
Bounce:                0 kB
WritebackTmp:          0 kB
CommitLimit:     4078288 kB
Committed_AS:   15687624 kB
VmallocTotal:   34359738367 kB
VmallocUsed:           0 kB
VmallocChunk:          0 kB
HardwareCorrupted:     0 kB
AnonHugePages:   3805184 kB
CmaTotal:              0 kB
CmaFree:               0 kB
HugePages_Total:       0
HugePages_Free:        0
HugePages_Rsvd:        0
HugePages_Surp:        0
Hugepagesize:       2048 kB
DirectMap4k:      530248 kB
DirectMap2M:     7839744 kB


CPU:total 4 (2 cores per cpu, 2 threads per core) family 6 model 42 stepping 7, cmov, cx8, fxsr, mmx, sse, sse2, sse3, ssse3, sse4.1, sse4.2, popcnt, avx, clmul, ht, tsc, tscinvbit

/proc/cpuinfo:
processor	: 0
vendor_id	: GenuineIntel
cpu family	: 6
model		: 42
model name	: Intel(R) Core(TM) i3-2100 CPU @ 3.10GHz
stepping	: 7
microcode	: 0x14
cpu MHz		: 2433.015
cache size	: 3072 KB
physical id	: 0
siblings	: 4
core id		: 0
cpu cores	: 2
apicid		: 0
initial apicid	: 0
fpu		: yes
fpu_exception	: yes
cpuid level	: 13
wp		: yes
flags		: fpu vme de pse tsc msr pae mce cx8 apic sep mtrr pge mca cmov pat pse36 clflush dts acpi mmx fxsr sse sse2 ss ht tm pbe syscall nx rdtscp lm constant_tsc arch_perfmon pebs bts rep_good nopl xtopology nonstop_tsc aperfmperf eagerfpu pni pclmulqdq dtes64 monitor ds_cpl vmx est tm2 ssse3 cx16 xtpr pdcm pcid sse4_1 sse4_2 popcnt tsc_deadline_timer xsave avx lahf_lm epb tpr_shadow vnmi flexpriority ept vpid xsaveopt dtherm arat pln pts
bugs		:
bogomips	: 6220.22
clflush size	: 64
cache_alignment	: 64
address sizes	: 36 bits physical, 48 bits virtual
power management:

processor	: 1
vendor_id	: GenuineIntel
cpu family	: 6
model		: 42
model name	: Intel(R) Core(TM) i3-2100 CPU @ 3.10GHz
stepping	: 7
microcode	: 0x14
cpu MHz		: 2399.714
cache size	: 3072 KB
physical id	: 0
siblings	: 4
core id		: 1
cpu cores	: 2
apicid		: 2
initial apicid	: 2
fpu		: yes
fpu_exception	: yes
cpuid level	: 13
wp		: yes
flags		: fpu vme de pse tsc msr pae mce cx8 apic sep mtrr pge mca cmov pat pse36 clflush dts acpi mmx fxsr sse sse2 ss ht tm pbe syscall nx rdtscp lm constant_tsc arch_perfmon pebs bts rep_good nopl xtopology nonstop_tsc aperfmperf eagerfpu pni pclmulqdq dtes64 monitor ds_cpl vmx est tm2 ssse3 cx16 xtpr pdcm pcid sse4_1 sse4_2 popcnt tsc_deadline_timer xsave avx lahf_lm epb tpr_shadow vnmi flexpriority ept vpid xsaveopt dtherm arat pln pts
bugs		:
bogomips	: 6220.22
clflush size	: 64
cache_alignment	: 64
address sizes	: 36 bits physical, 48 bits virtual
power management:

processor	: 2
vendor_id	: GenuineIntel
cpu family	: 6
model		: 42
model name	: Intel(R) Core(TM) i3-2100 CPU @ 3.10GHz
stepping	: 7
microcode	: 0x14
cpu MHz		: 2399.714
cache size	: 3072 KB
physical id	: 0
siblings	: 4
core id		: 0
cpu cores	: 2
apicid		: 1
initial apicid	: 1
fpu		: yes
fpu_exception	: yes
cpuid level	: 13
wp		: yes
flags		: fpu vme de pse tsc msr pae mce cx8 apic sep mtrr pge mca cmov pat pse36 clflush dts acpi mmx fxsr sse sse2 ss ht tm pbe syscall nx rdtscp lm constant_tsc arch_perfmon pebs bts rep_good nopl xtopology nonstop_tsc aperfmperf eagerfpu pni pclmulqdq dtes64 monitor ds_cpl vmx est tm2 ssse3 cx16 xtpr pdcm pcid sse4_1 sse4_2 popcnt tsc_deadline_timer xsave avx lahf_lm epb tpr_shadow vnmi flexpriority ept vpid xsaveopt dtherm arat pln pts
bugs		:
bogomips	: 6220.22
clflush size	: 64
cache_alignment	: 64
address sizes	: 36 bits physical, 48 bits virtual
power management:

processor	: 3
vendor_id	: GenuineIntel
cpu family	: 6
model		: 42
model name	: Intel(R) Core(TM) i3-2100 CPU @ 3.10GHz
stepping	: 7
microcode	: 0x14
cpu MHz		: 2399.593
cache size	: 3072 KB
physical id	: 0
siblings	: 4
core id		: 1
cpu cores	: 2
apicid		: 3
initial apicid	: 3
fpu		: yes
fpu_exception	: yes
cpuid level	: 13
wp		: yes
flags		: fpu vme de pse tsc msr pae mce cx8 apic sep mtrr pge mca cmov pat pse36 clflush dts acpi mmx fxsr sse sse2 ss ht tm pbe syscall nx rdtscp lm constant_tsc arch_perfmon pebs bts rep_good nopl xtopology nonstop_tsc aperfmperf eagerfpu pni pclmulqdq dtes64 monitor ds_cpl vmx est tm2 ssse3 cx16 xtpr pdcm pcid sse4_1 sse4_2 popcnt tsc_deadline_timer xsave avx lahf_lm epb tpr_shadow vnmi flexpriority ept vpid xsaveopt dtherm arat pln pts
bugs		:
bogomips	: 6220.22
clflush size	: 64
cache_alignment	: 64
address sizes	: 36 bits physical, 48 bits virtual
power management:



Memory: 4k page, physical 8156580k(110096k free), swap 0k(0k free)

vm_info: OpenJDK 64-Bit Server VM (25.91-b14) for linux-amd64 JRE (1.8.0_91-8u91-b14-3ubuntu1~16.04.1-b14), built on Jul 21 2016 04:13:34 by "buildd" with gcc 5.3.1 20160413

time: Sun Oct 16 18:04:45 2016
elapsed time: 9 seconds (0d 0h 0m 9s)

